[2026-02-24T07:27:04.865Z] ✅ Email config loaded - User: 4530vanshtyagi@gmail.com
[2026-02-24T07:27:10.492Z] ✅ Email config loaded - User: 4530vanshtyagi@gmail.com
[2026-02-24T07:27:10.505Z] ✅ Email transporter created successfully
[2026-02-24T07:27:16.451Z] ✅ Email config loaded - User: 4530vanshtyagi@gmail.com
[2026-02-24T07:27:16.466Z] ✅ Email transporter created successfully
[2026-02-24T07:27:25.468Z] 
🔍 Testing Email Configuration...
[2026-02-24T07:27:25.472Z] ✅ Email config loaded - User: 4530vanshtyagi@gmail.com
[2026-02-24T07:27:25.482Z] ✅ Email transporter created successfully
[2026-02-24T07:27:26.791Z] ✅ Email service is working correctly!
[2026-02-24T07:27:26.794Z] ✅ Email configured for: 4530vanshtyagi@gmail.com
[2026-02-24T07:27:33.028Z] 
🔍 Testing Email Configuration...
[2026-02-24T07:27:33.031Z] ✅ Email config loaded - User: 4530vanshtyagi@gmail.com
[2026-02-24T07:27:33.043Z] ✅ Email transporter created successfully
[2026-02-24T07:27:34.181Z] ✅ Email service is working correctly!
[2026-02-24T07:27:34.183Z] ✅ Email configured for: 4530vanshtyagi@gmail.com
[2026-02-24T07:27:51.636Z] 
🔍 Testing Email Configuration...
[2026-02-24T07:27:51.637Z] ✅ Email config loaded - User: 4530vanshtyagi@gmail.com
[2026-02-24T07:27:51.642Z] ✅ Email transporter created successfully
[2026-02-24T07:27:52.809Z] ✅ Email service is working correctly!
[2026-02-24T07:27:52.809Z] ✅ Email configured for: 4530vanshtyagi@gmail.com
[2026-02-24T07:28:41.506Z] ✅ Email config loaded - User: 4530vanshtyagi@gmail.com
[2026-02-24T07:28:44.320Z] ✅ Admin reply email sent to 4530vanshtyagi@gmail.com from Admin - Message ID: <ae0dae34-012b-2d50-0ac7-a2f5dd6150dd@gmail.com>
[2026-02-24T07:29:02.894Z] ✅ Email config loaded - User: 4530vanshtyagi@gmail.com
[2026-02-24T07:29:05.692Z] ✅ Acknowledgement email sent to testuser@example.com - Message ID: <9200a441-2650-feec-3d2d-0ab95c48adc5@gmail.com>
[2026-02-24T07:29:46.972Z] ✅ Email config loaded - User: 4530vanshtyagi@gmail.com
[2026-02-24T07:29:49.560Z] ✅ Admin reply email sent to test@example.com from Admin - Message ID: <cdfdd785-f83f-bdf2-f066-b978cfe61516@gmail.com>